[    0.000000] Linux version 4.15.0-136-generic (buildd@lcy01-amd64-029) (gcc version 7.5.0 (Ubuntu 7.5.0-3ubuntu1~18.04)) #140-Ubuntu SMP Thu Jan 28 05:20:47 UTC 2021 (Ubuntu 4.15.0-136.140-generic 4.15.18)
[    0.000000] Command line: BOOT_IMAGE=/boot/vmlinuz-4.15.0-136-generic root=LABEL=cloudimg-rootfs ro console=tty1 console=ttyS0
[    0.000000] KERNEL supported cpus:
[    0.000000]   Intel GenuineIntel
[    0.000000]   AMD AuthenticAMD
[    0.000000]   Centaur CentaurHauls
[    0.000000] [Firmware Bug]: TSC doesn't count with P0 frequency!
[    0.000000] x86/fpu: x87 FPU will use FXSAVE
[    0.000000] e820: BIOS-provided physical RAM map:
[    0.000000] BIOS-e820: [mem 0x0000000000000000-0x000000000009fbff] usable
[    0.000000] BIOS-e820: [mem 0x000000000009fc00-0x000000000009ffff] reserved
[    0.000000] BIOS-e820: [mem 0x00000000000f0000-0x00000000000fffff] reserved
[    0.000000] BIOS-e820: [mem 0x0000000000100000-0x000000007ffeffff] usable
[    0.000000] BIOS-e820: [mem 0x000000007fff0000-0x000000007fffffff] ACPI data
[    0.000000] BIOS-e820: [mem 0x00000000fec00000-0x00000000fec00fff] reserved
[    0.000000] BIOS-e820: [mem 0x00000000fee00000-0x00000000fee00fff] reserved
[    0.000000] BIOS-e820: [mem 0x00000000fffc0000-0x00000000ffffffff] reserved
[    0.000000] NX (Execute Disable) protection: active
[    0.000000] SMBIOS 2.5 present.
[    0.000000] DMI: innotek GmbH VirtualBox/VirtualBox, BIOS VirtualBox 12/01/2006
[    0.000000] Hypervisor detected: KVM
[    0.000000] e820: last_pfn = 0x7fff0 max_arch_pfn = 0x400000000
[    0.000000] MTRR: Disabled
[    0.000000] x86/PAT: MTRRs disabled, skipping PAT initialization too.
[    0.000000] CPU MTRRs all blank - virtualized system.
[    0.000000] x86/PAT: Configuration [0-7]: WB  WT  UC- UC  WB  WT  UC- UC  
[    0.000000] found SMP MP-table at [mem 0x0009fff0-0x0009ffff]
[    0.000000] Scanning 1 areas for low memory corruption
[    0.000000] RAMDISK: [mem 0x35a63000-0x36d28fff]
[    0.000000] ACPI: Early table checksum verification disabled
[    0.000000] ACPI: RSDP 0x00000000000E0000 000024 (v02 VBOX  )
[    0.000000] ACPI: XSDT 0x000000007FFF0030 00003C (v01 VBOX   VBOXXSDT 00000001 ASL  00000061)
[    0.000000] ACPI: FACP 0x000000007FFF00F0 0000F4 (v04 VBOX   VBOXFACP 00000001 ASL  00000061)
[    0.000000] ACPI: DSDT 0x000000007FFF0470 002325 (v02 VBOX   VBOXBIOS 00000002 INTL 20100528)
[    0.000000] ACPI: FACS 0x000000007FFF0200 000040
[    0.000000] ACPI: FACS 0x000000007FFF0200 000040
[    0.000000] ACPI: APIC 0x000000007FFF0240 00005C (v02 VBOX   VBOXAPIC 00000001 ASL  00000061)
[    0.000000] ACPI: SSDT 0x000000007FFF02A0 0001CC (v01 VBOX   VBOXCPUT 00000002 INTL 20100528)
[    0.000000] No NUMA configuration found
[    0.000000] Faking a node at [mem 0x0000000000000000-0x000000007ffeffff]
[    0.000000] NODE_DATA(0) allocated [mem 0x7ffc5000-0x7ffeffff]
[    0.000000] kvm-clock: cpu 0, msr 0:7ff44001, primary cpu clock
[    0.000000] kvm-clock: Using msrs 4b564d01 and 4b564d00
[    0.000000] kvm-clock: using sched offset of 4131538012 cycles
[    0.000000] clocksource: kvm-clock: mask: 0xffffffffffffffff max_cycles: 0x1cd42e4dffb, max_idle_ns: 881590591483 ns
[    0.000000] Zone ranges:
[    0.000000]   DMA      [mem 0x0000000000001000-0x0000000000ffffff]
[    0.000000]   DMA32    [mem 0x0000000001000000-0x000000007ffeffff]
[    0.000000]   Normal   empty
[    0.000000]   Device   empty
[    0.000000] Movable zone start for each node
[    0.000000] Early memory node ranges
[    0.000000]   node   0: [mem 0x0000000000001000-0x000000000009efff]
[    0.000000]   node   0: [mem 0x0000000000100000-0x000000007ffeffff]
[    0.000000] Reserved but unavailable: 98 pages
[    0.000000] Initmem setup node 0 [mem 0x0000000000001000-0x000000007ffeffff]
[    0.000000] ACPI: PM-Timer IO Port: 0x4008
[    0.000000] IOAPIC[0]: apic_id 2, version 32, address 0xfec00000, GSI 0-23
[    0.000000] ACPI: INT_SRC_OVR (bus 0 bus_irq 0 global_irq 2 dfl dfl)
[    0.000000] ACPI: INT_SRC_OVR (bus 0 bus_irq 9 global_irq 9 low level)
[    0.000000] Using ACPI (MADT) for SMP configuration information
[    0.000000] smpboot: Allowing 2 CPUs, 0 hotplug CPUs
[    0.000000] PM: Registered nosave memory: [mem 0x00000000-0x00000fff]
[    0.000000] PM: Registered nosave memory: [mem 0x0009f000-0x0009ffff]
[    0.000000] PM: Registered nosave memory: [mem 0x000a0000-0x000effff]
[    0.000000] PM: Registered nosave memory: [mem 0x000f0000-0x000fffff]
[    0.000000] e820: [mem 0x80000000-0xfebfffff] available for PCI devices
[    0.000000] Booting paravirtualized kernel on KVM
[    0.000000] clocksource: refined-jiffies: mask: 0xffffffff max_cycles: 0xffffffff, max_idle_ns: 7645519600211568 ns
[    0.000000] random: get_random_bytes called from start_kernel+0x99/0x500 with crng_init=0
[    0.000000] setup_percpu: NR_CPUS:8192 nr_cpumask_bits:2 nr_cpu_ids:2 nr_node_ids:1
[    0.000000] percpu: Embedded 45 pages/cpu s147456 r8192 d28672 u1048576
[    0.000000] PV qspinlock hash table entries: 256 (order: 0, 4096 bytes)
[    0.000000] Built 1 zonelists, mobility grouping on.  Total pages: 515961
[    0.000000] Policy zone: DMA32
[    0.000000] Kernel command line: BOOT_IMAGE=/boot/vmlinuz-4.15.0-136-generic root=LABEL=cloudimg-rootfs ro console=tty1 console=ttyS0
[    0.000000] Memory: 2015212K/2096696K available (12300K kernel code, 2482K rwdata, 4276K rodata, 2440K init, 2724K bss, 81484K reserved, 0K cma-reserved)
[    0.000000] SLUB: HWalign=64, Order=0-3, MinObjects=0, CPUs=2, Nodes=1
[    0.000000] ftrace: allocating 39427 entries in 155 pages
[    0.004000] Hierarchical RCU implementation.
[    0.004000] 	RCU restricting CPUs from NR_CPUS=8192 to nr_cpu_ids=2.
[    0.004000] 	Tasks RCU enabled.
[    0.004000] RCU: Adjusting geometry for rcu_fanout_leaf=16, nr_cpu_ids=2
[    0.004000] NR_IRQS: 524544, nr_irqs: 440, preallocated irqs: 16
[    0.004000] Console: colour VGA+ 80x25
[    0.004000] console [tty1] enabled
[    0.004000] console [ttyS0] enabled
[    0.004000] ACPI: Core revision 20170831
[    0.004000] ACPI: 2 ACPI AML tables successfully acquired and loaded
[    0.004000] APIC: Switch to symmetric I/O mode setup
[    0.004000] ..TIMER: vector=0x30 apic1=0 pin1=2 apic2=-1 pin2=-1
[    0.004000] tsc: Detected 3792.892 MHz processor
[    0.004000] Calibrating delay loop (skipped) preset value.. 7585.78 BogoMIPS (lpj=15171568)
[    0.004000] pid_max: default: 32768 minimum: 301
[    0.004000] Security Framework initialized
[    0.004004] Yama: becoming mindful.
[    0.006078] AppArmor: AppArmor initialized
[    0.017599] Dentry cache hash table entries: 262144 (order: 9, 2097152 bytes)
[    0.025812] Inode-cache hash table entries: 131072 (order: 8, 1048576 bytes)
[    0.028134] Mount-cache hash table entries: 4096 (order: 3, 32768 bytes)
[    0.032119] Mountpoint-cache hash table entries: 4096 (order: 3, 32768 bytes)
[    0.036838] Last level iTLB entries: 4KB 1024, 2MB 1024, 4MB 512
[    0.040002] Last level dTLB entries: 4KB 2048, 2MB 2048, 4MB 1024, 1GB 0
[    0.044003] Spectre V1 : Mitigation: usercopy/swapgs barriers and __user pointer sanitization
[    0.048002] Spectre V2 : Spectre mitigation: LFENCE not serializing, switching to generic retpoline
[    0.056002] Spectre V2 : Mitigation: Full generic retpoline
[    0.059002] Spectre V2 : Spectre v2 / SpectreRSB mitigation: Filling RSB on context switch
[    0.060002] Speculative Store Bypass: Mitigation: Speculative Store Bypass disabled via prctl and seccomp
[    0.064135] Freeing SMP alternatives memory: 36K
[    0.190289] APIC calibration not consistent with PM-Timer: 110ms instead of 100ms
[    0.192000] APIC delta adjusted to PM-Timer: 6460118 (7145051)
[    0.192318] smpboot: CPU0: AMD Ryzen 5 3600X 6-Core Processor (family: 0x17, model: 0x71, stepping: 0x0)
[    0.196442] Performance Events: PMU not available due to virtualization, using software events only.
[    0.200106] Hierarchical SRCU implementation.
[    0.204664] NMI watchdog: Perf event create on CPU 0 failed with -2
[    0.208002] NMI watchdog: Perf NMI watchdog permanently disabled
[    0.212316] smp: Bringing up secondary CPUs ...
[    0.216907] x86: Booting SMP configuration:
[    0.220002] .... node  #0, CPUs:      #1
[    0.004000] kvm-clock: cpu 1, msr 0:7ff44041, secondary cpu clock
[    0.226712] TSC synchronization [CPU#0 -> CPU#1]:
[    0.228000] Measured 64601 cycles TSC warp between CPUs, turning off TSC clock.
[    0.228000] tsc: Marking TSC unstable due to check_tsc_sync_source failed
[    0.232097] smp: Brought up 1 node, 2 CPUs
[    0.236004] smpboot: Max logical packages: 1
[    0.238614] smpboot: Total of 2 processors activated (15171.56 BogoMIPS)
[    0.240536] devtmpfs: initialized
[    0.244302] x86/mm: Memory block size: 128MB
[    0.248634] evm: security.selinux
[    0.252002] evm: security.SMACK64
[    0.254031] evm: security.SMACK64EXEC
[    0.256002] evm: security.SMACK64TRANSMUTE
[    0.260002] evm: security.SMACK64MMAP
[    0.264002] evm: security.apparmor
[    0.265923] evm: security.ima
[    0.268002] evm: security.capability
[    0.270305] clocksource: jiffies: mask: 0xffffffff max_cycles: 0xffffffff, max_idle_ns: 7645041785100000 ns
[    0.276006] futex hash table entries: 512 (order: 3, 32768 bytes)
[    0.280292] pinctrl core: initialized pinctrl subsystem
[    0.284234] RTC time: 17:39:40, date: 03/08/21
[    0.287490] NET: Registered protocol family 16
[    0.288109] audit: initializing netlink subsys (disabled)
[    0.292216] audit: type=2000 audit(1615225186.456:1): state=initialized audit_enabled=0 res=1
[    0.296081] cpuidle: using governor ladder
[    0.300157] cpuidle: using governor menu
[    0.305333] ACPI: bus type PCI registered
[    0.308003] acpiphp: ACPI Hot Plug PCI Controller Driver version: 0.5
[    0.312328] PCI: Using configuration type 1 for base access
[    0.315199] PCI: Using configuration type 1 for extended access
[    0.320259] HugeTLB registered 2.00 MiB page size, pre-allocated 0 pages
[    0.328431] ACPI: Added _OSI(Module Device)
[    0.330610] ACPI: Added _OSI(Processor Device)
[    0.332080] ACPI: Added _OSI(3.0 _SCP Extensions)
[    0.336003] ACPI: Added _OSI(Processor Aggregator Device)
[    0.340003] ACPI: Added _OSI(Linux-Dell-Video)
[    0.342497] ACPI: Added _OSI(Linux-Lenovo-NV-HDMI-Audio)
[    0.344003] ACPI: Added _OSI(Linux-HPI-Hybrid-Graphics)
[    0.348568] ACPI: Executed 1 blocks of module-level executable AML code
[    0.358501] ACPI: Interpreter enabled
[    0.360011] ACPI: (supports S0 S5)
[    0.361956] ACPI: Using IOAPIC for interrupt routing
[    0.364302] PCI: Using host bridge windows from ACPI; if necessary, use "pci=nocrs" and report a bug
[    0.368143] ACPI: Enabled 2 GPEs in block 00 to 07
[    0.379658] ACPI: PCI Root Bridge [PCI0] (domain 0000 [bus 00-ff])
[    0.380006] acpi PNP0A03:00: _OSC: OS supports [ExtendedConfig ASPM ClockPM Segments MSI]
[    0.389231] acpi PNP0A03:00: _OSC: platform does not support [PCIeCapability]
[    0.392580] acpi PNP0A03:00: _OSC: not requesting control; platform does not support [PCIeCapability]
[    0.396003] acpi PNP0A03:00: _OSC: OS requested [PCIeHotplug PME AER PCIeCapability]
[    0.400003] acpi PNP0A03:00: _OSC: platform willing to grant [PCIeHotplug PME AER]
[    0.408003] acpi PNP0A03:00: _OSC failed (AE_SUPPORT); disabling ASPM
[    0.412312] PCI host bridge to bus 0000:00
[    0.414535] pci_bus 0000:00: root bus resource [io  0x0000-0x0cf7 window]
[    0.416012] pci_bus 0000:00: root bus resource [io  0x0d00-0xffff window]
[    0.420003] pci_bus 0000:00: root bus resource [mem 0x000a0000-0x000bffff window]
[    0.424019] pci_bus 0000:00: root bus resource [mem 0x80000000-0xfdffffff window]
[    0.428003] pci_bus 0000:00: root bus resource [bus 00-ff]
[    0.436543] pci 0000:00:01.1: legacy IDE quirk: reg 0x10: [io  0x01f0-0x01f7]
[    0.440003] pci 0000:00:01.1: legacy IDE quirk: reg 0x14: [io  0x03f6]
[    0.443394] pci 0000:00:01.1: legacy IDE quirk: reg 0x18: [io  0x0170-0x0177]
[    0.448003] pci 0000:00:01.1: legacy IDE quirk: reg 0x1c: [io  0x0376]
[    0.492624] pci 0000:00:07.0: quirk: [io  0x4000-0x403f] claimed by PIIX4 ACPI
[    0.496020] pci 0000:00:07.0: quirk: [io  0x4100-0x410f] claimed by PIIX4 SMB
[    0.513633] ACPI: PCI Interrupt Link [LNKA] (IRQs 5 9 10 *11)
[    0.520120] ACPI: PCI Interrupt Link [LNKB] (IRQs 5 9 *10 11)
[    0.524155] ACPI: PCI Interrupt Link [LNKC] (IRQs 5 *9 10 11)
[    0.528143] ACPI: PCI Interrupt Link [LNKD] (IRQs 5 9 10 *11)
[    0.536355] SCSI subsystem initialized
[    0.540202] pci 0000:00:02.0: vgaarb: setting as boot VGA device
[    0.543480] pci 0000:00:02.0: vgaarb: VGA device added: decodes=io+mem,owns=io+mem,locks=none
[    0.552004] pci 0000:00:02.0: vgaarb: bridge control possible
[    0.556002] vgaarb: loaded
[    0.560035] ACPI: bus type USB registered
[    0.564014] usbcore: registered new interface driver usbfs
[    0.568028] usbcore: registered new interface driver hub
[    0.572092] usbcore: registered new device driver usb
[    0.580313] EDAC MC: Ver: 3.0.0
[    0.584634] PCI: Using ACPI for IRQ routing
[    0.588587] NetLabel: Initializing
[    0.592003] NetLabel:  domain hash size = 128
[    0.596002] NetLabel:  protocols = UNLABELED CIPSOv4 CALIPSO
[    0.604032] NetLabel:  unlabeled traffic allowed by default
[    0.608324] clocksource: Switched to clocksource kvm-clock
[    0.656708] VFS: Disk quotas dquot_6.6.0
[    0.658974] VFS: Dquot-cache hash table entries: 512 (order 0, 4096 bytes)
[    0.663499] AppArmor: AppArmor Filesystem Enabled
[    0.666667] pnp: PnP ACPI init
[    0.669790] pnp: PnP ACPI: found 3 devices
[    0.702533] clocksource: acpi_pm: mask: 0xffffff max_cycles: 0xffffff, max_idle_ns: 2085701024 ns
[    0.707658] NET: Registered protocol family 2
[    0.711008] TCP established hash table entries: 16384 (order: 5, 131072 bytes)
[    0.715881] TCP bind hash table entries: 16384 (order: 6, 262144 bytes)
[    0.721182] TCP: Hash tables configured (established 16384 bind 16384)
[    0.725388] UDP hash table entries: 1024 (order: 3, 32768 bytes)
[    0.728862] UDP-Lite hash table entries: 1024 (order: 3, 32768 bytes)
[    0.732646] NET: Registered protocol family 1
[    0.735038] pci 0000:00:00.0: Limiting direct PCI/PCI transfers
[    0.738617] pci 0000:00:01.0: Activating ISA DMA hang workarounds
[    0.742121] pci 0000:00:02.0: Video device with shadowed ROM at [mem 0x000c0000-0x000dffff]
[    0.746835] Unpacking initramfs...
[    1.210870] Freeing initrd memory: 19224K
[    1.213499] clocksource: tsc: mask: 0xffffffffffffffff max_cycles: 0x6d583bae5a8, max_idle_ns: 881590525300 ns
[    1.218979] platform rtc_cmos: registered platform RTC device (no PNP device found)
[    1.223754] Scanning for low memory corruption every 60 seconds
[    1.229299] Initialise system trusted keyrings
[    1.231800] Key type blacklist registered
[    1.235020] workingset: timestamp_bits=36 max_order=19 bucket_order=0
[    1.241113] zbud: loaded
[    1.243843] squashfs: version 4.0 (2009/01/31) Phillip Lougher
[    1.248514] fuse init (API version 7.26)
[    1.272560] Key type asymmetric registered
[    1.274736] Asymmetric key parser 'x509' registered
[    1.277414] Block layer SCSI generic (bsg) driver version 0.4 loaded (major 246)
[    1.281715] io scheduler noop registered
[    1.283773] io scheduler deadline registered
[    1.286583] io scheduler cfq registered (default)
[    1.289643] ACPI: AC Adapter [AC] (on-line)
[    1.291880] input: Power Button as /devices/LNXSYSTM:00/LNXPWRBN:00/input/input0
[    1.296199] ACPI: Power Button [PWRF]
[    1.298242] input: Sleep Button as /devices/LNXSYSTM:00/LNXSLPBN:00/input/input1
[    1.302205] ACPI: Sleep Button [SLPF]
[    1.305582] Serial: 8250/16550 driver, 32 ports, IRQ sharing enabled
[    1.334274] 00:02: ttyS0 at I/O 0x3f8 (irq = 4, base_baud = 115200) is a 16550A
[    1.353216] Linux agpgart interface v0.103
[    1.363449] loop: module loaded
[    1.367713] scsi host0: ata_piix
[    1.370260] scsi host1: ata_piix
[    1.372054] ata1: PATA max UDMA/33 cmd 0x1f0 ctl 0x3f6 bmdma 0xd000 irq 14
[    1.376043] ata2: PATA max UDMA/33 cmd 0x170 ctl 0x376 bmdma 0xd008 irq 15
[    1.379756] libphy: Fixed MDIO Bus: probed
[    1.382127] tun: Universal TUN/TAP device driver, 1.6
[    1.385259] PPP generic driver version 2.4.2
[    1.387901] ehci_hcd: USB 2.0 'Enhanced' Host Controller (EHCI) Driver
[    1.392169] ehci-pci: EHCI PCI platform driver
[    1.394500] ehci-platform: EHCI generic platform driver
[    1.397352] ohci_hcd: USB 1.1 'Open' Host Controller (OHCI) Driver
[    1.400656] ohci-pci: OHCI PCI platform driver
[    1.403015] ohci-platform: OHCI generic platform driver
[    1.405887] uhci_hcd: USB Universal Host Controller Interface driver
[    1.409350] i8042: PNP: PS/2 Controller [PNP0303:PS2K,PNP0f03:PS2M] at 0x60,0x64 irq 1,12
[    1.415570] serio: i8042 KBD port at 0x60,0x64 irq 1
[    1.418333] serio: i8042 AUX port at 0x60,0x64 irq 12
[    1.421569] mousedev: PS/2 mouse device common for all mice
[    1.426906] rtc_cmos rtc_cmos: rtc core: registered rtc_cmos as rtc0
[    1.431836] rtc_cmos rtc_cmos: alarms up to one day, 114 bytes nvram
[    1.431942] input: AT Translated Set 2 keyboard as /devices/platform/i8042/serio0/input/input2
[    1.436119] i2c /dev entries driver
[    1.443254] device-mapper: uevent: version 1.0.3
[    1.446484] device-mapper: ioctl: 4.37.0-ioctl (2017-09-20) initialised: dm-devel@redhat.com
[    1.451500] ledtrig-cpu: registered to indicate activity on CPUs
[    1.457130] NET: Registered protocol family 10
[    1.469412] Segment Routing with IPv6
[    1.471485] NET: Registered protocol family 17
[    1.474666] Key type dns_resolver registered
[    1.477512] mce: Using 0 MCE banks
[    1.479406] RAS: Correctable Errors collector initialized.
[    1.482522] sched_clock: Marking stable (1482450497, 0)->(2040143990, -557693493)
[    1.488683] registered taskstats version 1
[    1.490883] Loading compiled-in X.509 certificates
[    1.496594] Loaded X.509 cert 'Build time autogenerated kernel key: c356b48d5f070be9e15fb09bbd57426939f0386e'
[    1.501778] zswap: loaded using pool lzo/zbud
[    1.510793] Key type big_key registered
[    1.512941] Key type trusted registered
[    1.517613] Key type encrypted registered
[    1.519731] AppArmor: AppArmor sha1 policy hashing enabled
[    1.522982] ima: No TPM chip found, activating TPM-bypass! (rc=-19)
[    1.526392] ima: Allocated hash algorithm: sha1
[    1.528906] evm: HMAC attrs: 0x1
[    1.531017]   Magic number: 13:517:693
[    1.533516] rtc_cmos rtc_cmos: setting system clock to 2021-03-08 17:39:42 UTC (1615225182)
[    1.538323] BIOS EDD facility v0.16 2004-Jun-25, 0 devices found
[    1.541861] EDD information not available.
[    1.591033] Freeing unused kernel image memory: 2440K
[    1.604613] Write protecting the kernel read-only data: 20480k
[    1.608487] Freeing unused kernel image memory: 2008K
[    1.611427] Freeing unused kernel image memory: 1868K
[    1.619752] x86/mm: Checked W+X mappings: passed, no W+X pages found.
Loading, please wait...
starting version 237
[    1.679249] e1000: Intel(R) PRO/1000 Network Driver - version 7.3.21-k8-NAPI
[    1.684325] e1000: Copyright (c) 1999-2006 Intel Corporation.
[    1.689471] Fusion MPT base driver 3.04.20
[    1.691931] Copyright (c) 1999-2008 LSI Corporation
[    1.699798] Fusion MPT SPI Host driver 3.04.20
[    1.916368] input: ImExPS/2 Generic Explorer Mouse as /devices/platform/i8042/serio1/input/input4
[    2.276801] e1000 0000:00:03.0 eth0: (PCI:33MHz:32-bit) 02:23:22:c3:32:51
[    2.280532] e1000 0000:00:03.0 eth0: Intel(R) PRO/1000 Network Connection
[    2.285562] mptbase: ioc0: Initiating bringup
[    2.416669] ioc0: LSI53C1030 A0: Capabilities={Initiator}
[    3.732457] scsi host2: ioc0: LSI53C1030 A0, FwRev=00000000h, Ports=1, MaxQ=256, IRQ=20
[    3.906116] scsi 2:0:0:0: Direct-Access     VBOX     HARDDISK         1.0  PQ: 0 ANSI: 5
[    3.947529] scsi target2:0:0: Beginning Domain Validation
[    3.968846] scsi target2:0:0: Domain Validation skipping write tests
[    3.972047] scsi target2:0:0: Ending Domain Validation
[    3.975670] scsi target2:0:0: asynchronous
[    3.979795] scsi 2:0:1:0: Direct-Access     VBOX     HARDDISK         1.0  PQ: 0 ANSI: 5
[    4.244296] scsi target2:0:1: Beginning Domain Validation
[    4.247774] random: fast init done
[    4.253267] scsi target2:0:1: Domain Validation skipping write tests
[    4.256638] scsi target2:0:1: Ending Domain Validation
[    4.259516] scsi target2:0:1: asynchronous
[    4.272620] sd 2:0:0:0: [sda] 83886080 512-byte logical blocks: (42.9 GB/40.0 GiB)
[    4.273861] random: systemd-udevd: uninitialized urandom read (16 bytes read)
[    4.277092] sd 2:0:0:0: [sda] Write Protect is off
[    4.284776] sd 2:0:0:0: Attached scsi generic sg0 type 0
[    4.287962] sd 2:0:1:0: Attached scsi generic sg1 type 0
[    4.289237] random: systemd-udevd: uninitialized urandom read (16 bytes read)
[    4.292173] sd 2:0:0:0: [sda] Incomplete mode parameter data
[    4.302074] sd 2:0:0:0: [sda] Assuming drive cache: write through
[    4.305110] random: systemd-udevd: uninitialized urandom read (16 bytes read)
[    4.305939] sd 2:0:1:0: [sdb] 20480 512-byte logical blocks: (10.5 MB/10.0 MiB)
[    4.316386] sd 2:0:1:0: [sdb] Write Protect is off
[    4.320767] sd 2:0:1:0: [sdb] Incomplete mode parameter data
[    4.329057] sd 2:0:1:0: [sdb] Assuming drive cache: write through
[    4.333126]  sda: sda1
[    4.336375] sd 2:0:0:0: [sda] Attached SCSI disk
[    4.342968] sd 2:0:1:0: [sdb] Attached SCSI disk
[    4.516200] e1000 0000:00:08.0 eth1: (PCI:33MHz:32-bit) 08:00:27:b0:67:d6
[    4.519793] e1000 0000:00:08.0 eth1: Intel(R) PRO/1000 Network Connection
[    4.524849] e1000 0000:00:08.0 enp0s8: renamed from eth1
[    4.552497] e1000 0000:00:03.0 enp0s3: renamed from eth0
Begin: Loading essential drivers ... [  108.168922] INFO: rcu_sched detected stalls on CPUs/tasks:
[  108.168941] raid6: sse2x1   gen() 20430556 MB/s
[  108.168928] 	1-...!: (2 ticks this GP) idle=246/140000000000000/0 softirq=1236/1237 fqs=2 
[  108.180651] 	(detected by 0, t=25456 jiffies, g=-134, c=-135, q=377)
[  108.184840] Sending NMI from CPU 0 to CPUs 1:
[  118.112140] rcu_sched kthread starved for 25450 jiffies! g18446744073709551482 c18446744073709551481 f0x0 RCU_GP_WAIT_FQS(3) ->state=0x402 ->cpu=0
[  118.120172] rcu_sched       I    0     8      2 0x80000000
[  118.123628] Call Trace:
[  118.125318]  __schedule+0x24e/0x890
[  118.127614]  schedule+0x2c/0x80
[  118.129702]  schedule_timeout+0x15d/0x370
[  118.132293]  ? __next_timer_interrupt+0xe0/0xe0
[  118.135200]  rcu_gp_kthread+0x53a/0x980
[  118.137689]  kthread+0x121/0x140
[  118.139822]  ? rcu_note_context_switch+0x150/0x150
[  118.142878]  ? kthread_create_worker_on_cpu+0x70/0x70
[  118.146091]  ret_from_fork+0x35/0x40
[  118.198091] raid6: sse2x1   xor()  9543 MB/s
[  118.262559] raid6: sse2x2   gen() 21350 MB/s
[  118.360883] raid6: sse2x2   xor() 23247 MB/s
[  118.445121] raid6: sse2x4   gen() 27161 MB/s
[  118.498823] raid6: sse2x4   xor() 10343 MB/s
[  118.501132] raid6: using algorithm sse2x1 gen() 20430556 MB/s
[  118.504988] raid6: .... xor() 9543 MB/s, rmw enabled
[  118.507600] raid6: using ssse3x2 recovery algorithm
[  118.512018] xor: measuring software checksum speed
[  118.552233]    prefetch64-sse: 17593.000 MB/sec
[  118.592232]    generic_sse: 16659.000 MB/sec
[  118.594527] xor: using function: prefetch64-sse (17593.000 MB/sec)
[  118.599091] async_tx: api initialized (async)
done.
Begin: Running /scripts/init-premount ... done.
Begin: Mounting root file system ... Begin: Running /scripts/local-top ... done.
Begin: Running /scripts/local-premount ... [  118.642837] Btrfs loaded, crc32c=crc32c-intel
Scanning for Btrfs filesystems
done.
Warning: fsck not present, so skipping root file system
[  118.679417] EXT4-fs (sda1): mounted filesystem with ordered data mode. Opts: (null)
done.
Begin: Running /scripts/local-bottom ... done.
Begin: Running /scripts/init-bottom ... done.
[  118.846745] ip_tables: (C) 2000-2006 Netfilter Core Team
[  118.859508] systemd[1]: systemd 237 running in system mode. (+PAM +AUDIT +SELINUX +IMA +APPARMOR +SMACK +SYSVINIT +UTMP +LIBCRYPTSETUP +GCRYPT +GNUTLS +ACL +XZ +LZ4 +SECCOMP +BLKID +ELFUTILS +KMOD -IDN2 +IDN -PCRE2 default-hierarchy=hybrid)
[  118.872676] systemd[1]: Detected virtualization oracle.
[  118.875401] systemd[1]: Detected architecture x86-64.

Welcome to [1mUbuntu 18.04.5 LTS[0m!

[  118.898993] systemd[1]: Set hostname to <ubuntu>.
[  118.907273] systemd[1]: Initializing machine ID from random generator.
[  118.911128] systemd[1]: Installed transient /etc/machine-id file.
[  119.176991] systemd[1]: Reached target User and Group Name Lookups.
[[0;32m  OK  [0m] Reached target User and Group Name Lookups.
[  119.189466] systemd[1]: Created slice User and Session Slice.
[[0;32m  OK  [0m] Created slice User and Session Slice.
[  119.193942] systemd[1]: Started Forward Password Requests to Wall Directory Watch.
[[0;32m  OK  [0m] Started Forward Password Requests to Wall Directory Watch.
[  119.200268] systemd[1]: Reached target Swap.
[[0;32m  OK  [0m] Reached target Swap.
[[0;32m  OK  [0m] Set up automount Arbitrary Executab…rmats File System Automount Point.
[[0;32m  OK  [0m] Reached target System Time Synchronized.
[[0;32m  OK  [0m] Created slice System Slice.
[[0;32m  OK  [0m] Created slice system-serial\x2dgetty.slice.
[[0;32m  OK  [0m] Listening on LVM2 poll daemon socket.
[[0;32m  OK  [0m] Listening on Device-mapper event daemon FIFOs.
[[0;32m  OK  [0m] Reached target Slices.
[[0;32m  OK  [0m] Listening on udev Kernel Socket.
[[0;32m  OK  [0m] Listening on Journal Socket.
         Starting Load Kernel Modules...
         Mounting POSIX Message Queue File System...
         Starting Uncomplicated firewall...
[[0;32m  OK  [0m] Listening on Journal Audit Socket.
[[0;32m  OK  [0m] Listening on /dev/initctl Compatibility Named Pipe.
         Mounting Huge Pages File System...
         Starting Create list of required st…ce nodes for the current kernel...
         Mounting Kernel Debug File System...[  119.240590] Loading iSCSI transport class v2.0-870.

[[0;32m  OK  [0m] Listening on Network Service Netlink Socket.
[[0;32m  OK  [0m] [  119.251201] iscsi: registered transport (tcp)
Listening on udev Control Socket.
         Starting udev Coldplug all Devices...
[[0;32m  OK  [0m] Listening on LVM2 metadata daemon socket.
         Starting Monitoring of LVM2 mirrors…ng dmeventd or progress polling...
[[0;32m  OK  [0m] Listening on Journal Socket (/dev/log).
[[0;32m  OK  [0m] Listening on fsck to fsckd communication Socket.
         Starting File System Check on Root Device...
[[0;32m  OK  [0m] Listening on Syslog Socket.
         Starting Journal Service...
         Starting Set the console keyboard layout...
[[0;32m  OK  [0m] Mounted POSIX Message Queue File System.
[[0;32m  OK  [0m] Started Uncomplicated firewall.
[[0;32m  OK  [0m] Mounted Huge Pages File System.
[[0;32m  OK  [0m] Started Create list of required sta…vice nodes for the current kernel.
[[0;32m  OK  [0m] Mounted Kernel Debug File System.
         Starting Create Static Device Nodes in /dev...
[[0;32m  OK  [0m] Started LVM2 metadata daemon.
[[0;32m  OK  [0m] Started File System Check Daemon to report status.
[[0;32m  OK  [0m] Started udev Coldplug all Devices.
[[0;32m  OK  [0m] Started Create Static Device Nodes in /dev.[  119.367815] iscsi: registered transport (iser)

[[0;32m  OK  [0m] Started Load Kernel Modules.
         Starting Apply Kernel Variables...
         Mounting Kernel Configuration File System...
         Mounting FUSE Control File System...
[[0;32m  OK  [0m] Mounted Kernel Configuration File System.
[[0;32m  OK  [0m] Mounted FUSE Control File System.
[[0;32m  OK  [0m] Started Journal Service.
[[0;32m  OK  [0m] Started Monitoring of LVM2 mirrors,…sing dmeventd or progress polling.
[[0;32m  OK  [0m] Started File System Check on Root Device.
         Starting Remount Root and Kernel File Systems...
[[0;32m  OK  [0m] Started Apply Kernel Variables.
[[0;32m  OK  [0m] Started Remount Root and Kernel File Systems.
         Starting udev Kernel Device Manager...
         Starting Flush Journal to Persistent Storage...
         Starting Load/Save Random Seed...
[[0;32m  OK  [0m] Started Load/Save Random Seed.
[[0;32m  OK  [0m] Started Set the console keyboard layout.
[[0;32m  OK  [0m] Reached target Local File Systems (Pre).
[[0;32m  OK  [0m] Reached target Local File Systems.
         Starting ebtables ruleset management...
         Starting AppArmor initialization...
         Starting Set console font and keymap...
         Starting Commit a transient machine-id on disk...
         Starting Tell Plymouth To Write Out Runtime Data...
[[0;32m  OK  [0m] Started udev Kernel Device Manager.
[[0;32m  OK  [0m] Started Dispatch Password Requests to Console Directory Watch.
[[0;32m  OK  [0m] Reached target Local Encrypted Volumes.
[[0;32m  OK  [0m] Started Flush Journal to Persistent Storage.
[[0;32m  OK  [0m] Started Set console font and keymap.
         Starting Create Volatile Files and Directories...
[[0;32m  OK  [0m] Started Tell Plymouth To Write Out Runtime Data.
[[0;32m  OK  [0m] Started Create Volatile Files and Directories.
         Starting Update UTMP about System Boot/Shutdown...
[[0;32m  OK  [0m] Started Commit a transient machine-id on disk.
[[0;32m  OK  [0m] Started Update UTMP about System Boot/Shutdown.
[[0;32m  OK  [0m] Found device /dev/ttyS0.
[[0;32m  OK  [0m] Started ebtables ruleset management.
[[0;32m  OK  [0m] Listening on Load/Save RF Kill Switch Status /dev/rfkill Watch.
[[0;32m  OK  [0m] Started AppArmor initialization.
         Starting Load AppArmor profiles managed internally by snapd...
         Starting Initial cloud-init job (pre-networking)...
[[0;32m  OK  [0m] Started Load AppArmor profiles managed internally by snapd.
[  121.413346] cloud-init[539]: Cloud-init v. 20.4.1-0ubuntu1~18.04.1 running 'init-local' at Mon, 08 Mar 2021 17:41:42 +0000. Up 121.13 seconds.
[[0;32m  OK  [0m] Started Initial cloud-init job (pre-networking).
[[0;32m  OK  [0m] Reached target Network (Pre).
         Starting Network Service...
[[0;32m  OK  [0m] Started Network Service.
         Starting Wait for Network to be Configured...
         Starting Network Name Resolution...
[[0;32m  OK  [0m] Started Network Name Resolution.
[[0;32m  OK  [0m] Reached target Host and Network Name Lookups.
[[0;32m  OK  [0m] Reached target Network.
[[0;32m  OK  [0m] Started Wait for Network to be Configured.
         Starting Initial cloud-init job (metadata service crawler)...
[  123.571946] cloud-init[673]: Cloud-init v. 20.4.1-0ubuntu1~18.04.1 running 'init' at Mon, 08 Mar 2021 17:41:44 +0000. Up 123.48 seconds.
[  123.574946] cloud-init[673]: ci-info: ++++++++++++++++++++++++++++++++++++++Net device info+++++++++++++++++++++++++++++++++++++++
[  123.577827] cloud-init[673]: ci-info: +--------+-------+----------------------------+---------------+--------+-------------------+
[  123.580831] cloud-init[673]: ci-info: | Device |   Up  |          Address           |      Mask     | Scope  |     Hw-Address    |
[  123.583753] cloud-init[673]: ci-info: +--------+-------+----------------------------+---------------+--------+-------------------+
[  123.586730] cloud-init[673]: ci-info: | enp0s3 |  True |         10.0.2.15          | 255.255.255.0 | global | 02:23:22:c3:32:51 |
[  123.589784] cloud-init[673]: ci-info: | enp0s3 |  True | fe80::23:22ff:fec3:3251/64 |       .       |  link  | 02:23:22:c3:32:51 |
[  123.592621] cloud-init[673]: ci-info: | enp0s8 | False |             .              |       .       |   .    | 08:00:27:b0:67:d6 |
[  123.595508] cloud-init[673]: ci-info: |   lo   |  True |         127.0.0.1          |   255.0.0.0   |  host  |         .         |
[  123.598876] cloud-init[673]: ci-info: |   lo   |  True |          ::1/128           |       .       |  host  |         .         |
[  123.603627] cloud-init[673]: ci-info: +--------+-------+----------------------------+---------------+--------+-------------------+
[  123.608172] cloud-init[673]: ci-info: ++++++++++++++++++++++++++++Route IPv4 info+++++++++++++++++++++++++++++
[  123.612473] cloud-init[673]: ci-info: +-------+-------------+----------+-----------------+-----------+-------+
[  123.616858] cloud-init[673]: ci-info: | Route | Destination | Gateway  |     Genmask     | Interface | Flags |
[  123.622320] cloud-init[673]: ci-info: +-------+-------------+----------+-----------------+-----------+-------+
[  123.626617] cloud-init[673]: ci-info: |   0   |   0.0.0.0   | 10.0.2.2 |     0.0.0.0     |   enp0s3  |   UG  |
[  123.630772] cloud-init[673]: ci-info: |   1   |   10.0.2.0  | 0.0.0.0  |  255.255.255.0  |   enp0s3  |   U   |
[  123.634965] cloud-init[673]: ci-info: |   2   |   10.0.2.2  | 0.0.0.0  | 255.255.255.255 |   enp0s3  |   UH  |
[  123.639294] cloud-init[673]: ci-info: +-------+-------------+----------+-----------------+-----------+-------+
[  123.643879] cloud-init[673]: ci-info: +++++++++++++++++++Route IPv6 info+++++++++++++++++++
[  123.647680] cloud-init[673]: ci-info: +-------+-------------+---------+-----------+-------+
[  123.651519] cloud-init[673]: ci-info: | Route | Destination | Gateway | Interface | Flags |
[  123.655281] cloud-init[673]: ci-info: +-------+-------------+---------+-----------+-------+
[  123.659197] cloud-init[673]: ci-info: |   1   |  fe80::/64  |    ::   |   enp0s3  |   U   |
[  123.662767] cloud-init[673]: ci-info: |   3   |    local    |    ::   |   enp0s3  |   U   |
[  123.664967] cloud-init[673]: ci-info: |   4   |   ff00::/8  |    ::   |   enp0s3  |   U   |
[  123.667242] cloud-init[673]: ci-info: +-------+-------------+---------+-----------+-------+
[  124.278514] cloud-init[673]: Generating public/private rsa key pair.
[  124.280395] cloud-init[673]: Your identification has been saved in /etc/ssh/ssh_host_rsa_key.
[  124.282693] cloud-init[673]: Your public key has been saved in /etc/ssh/ssh_host_rsa_key.pub.
[  124.284968] cloud-init[673]: The key fingerprint is:
[  124.286626] cloud-init[673]: SHA256:/UAL/tWdZ5onwrLOwUFGWRipGfNSYA/O+Cw80mJHCXM root@ubuntu-bionic
[  124.288987] cloud-init[673]: The key's randomart image is:
[  124.290432] cloud-init[673]: +---[RSA 2048]----+
[  124.291721] cloud-init[673]: |    o E +.o*.    |
[  124.293055] cloud-init[673]: |     + *o+=      |
[  124.294318] cloud-init[673]: |      + +B=      |
[  124.295591] cloud-init[673]: |     + ++*.. . ..|
[  124.296941] cloud-init[673]: |    + * S.= . ..+|
[  124.298394] cloud-init[673]: |   . + o o *   +.|
[  124.299746] cloud-init[673]: |          = + + .|
[  124.301059] cloud-init[673]: |         . + . o |
[  124.302288] cloud-init[673]: |         .+      |
[  124.303570] cloud-init[673]: +----[SHA256]-----+
[  124.304950] cloud-init[673]: Generating public/private dsa key pair.
[  124.306680] cloud-init[673]: Your identification has been saved in /etc/ssh/ssh_host_dsa_key.
[  124.308956] cloud-init[673]: Your public key has been saved in /etc/ssh/ssh_host_dsa_key.pub.
[  124.311185] cloud-init[673]: The key fingerprint is:
[  124.312566] cloud-init[673]: SHA256:9XHpz/cQ2fqkCK+tdSKwF0XqbDaWKWRthHYgkBHfuEQ root@ubuntu-bionic
[  124.314845] cloud-init[673]: The key's randomart image is:
[  124.316387] cloud-init[673]: +---[DSA 1024]----+
[  124.317700] cloud-init[673]: |    +=E .o. .    |
[  124.319000] cloud-init[673]: |    .o +oo.o   . |
[  124.320471] cloud-init[673]: |      +.+.= o o  |
[  124.321790] cloud-init[673]: |     . + = = + o |
[  124.323105] cloud-init[673]: |      . S @ . + .|
[  124.324413] cloud-init[673]: |         B o   = |
[  124.325818] cloud-init[673]: |        . + o + =|
[  124.327101] cloud-init[673]: |         . * + =o|
[  124.328396] cloud-init[673]: |          oo+ . o|
[  124.329647] cloud-init[673]: +----[SHA256]-----+
[  124.330931] cloud-init[673]: Generating public/private ecdsa key pair.
[  124.332646] cloud-init[673]: Your identification has been saved in /etc/ssh/ssh_host_ecdsa_key.
[  124.334859] cloud-init[673]: Your public key has been saved in /etc/ssh/ssh_host_ecdsa_key.pub.
[  124.337065] cloud-init[673]: The key fingerprint is:
[  124.338382] cloud-init[673]: SHA256:naZUjSGeClltAHtMTnTcEDj6xiA1fOo4LT3Hw+es4do root@ubuntu-bionic
[  124.340642] cloud-init[673]: The key's randomart image is:
[  124.342214] cloud-init[673]: +---[ECDSA 256]---+
[  124.343495] cloud-init[673]: |   ..o*==+.      |
[  124.344851] cloud-init[673]: |    +O+o+o.+     |
[  124.346138] cloud-init[673]: |   .+=+oo o .    |
[  124.347414] cloud-init[673]: |  . +o . o .     |
[  124.348778] cloud-init[673]: |   * *. S +      |
[  124.350217] cloud-init[673]: |  + = O..o       |
[  124.351496] cloud-init[673]: |   o +.=.        |
[  124.352871] cloud-init[673]: |     o .o        |
[  124.354152] cloud-init[673]: |    ..E.         |
[  124.355431] cloud-init[673]: +----[SHA256]-----+
[  124.356787] cloud-init[673]: Generating public/private ed25519 key pair.
[  124.358987] cloud-init[673]: Your identification has been saved in /etc/ssh/ssh_host_ed25519_key.
[  124.361264] cloud-init[673]: Your public key has been saved in /etc/ssh/ssh_host_ed25519_key.pub.
[  124.363539] cloud-init[673]: The key fingerprint is:
[  124.365011] cloud-init[673]: SHA256:dXPDCoFpIsT3M9m3eQl+7rCf72Fb4lvPbrTHIEvKDFw root@ubuntu-bionic
[  124.367513] cloud-init[673]: The key's randomart image is:
[  124.369087] cloud-init[673]: +--[ED25519 256]--+
[  124.370369] cloud-init[673]: |   o.    o.      |
[  124.371667] cloud-init[673]: |    o o +  . .   |
[  124.372987] cloud-init[673]: |     o + oo o +  |
[  124.374404] cloud-init[673]: |        =.Eoo+ . |
[  124.375698] cloud-init[673]: |       .S+ o.+ . |
[  124.377011] cloud-init[673]: |        o   * = .|
[  124.378266] cloud-init[673]: |         + o.*.*+|
[  124.379548] cloud-init[673]: |          + .+o*O|
[  124.381091] cloud-init[673]: |            .o*BB|
[  124.382484] cloud-init[673]: +----[SHA256]-----+
[[0;32m  OK  [0m] Started Initial cloud-init job (metadata service crawler).
[[0;32m  OK  [0m] Reached target System Initialization.
[[0;32m  OK  [0m] Started Daily Cleanup of Temporary Directories.
[[0;32m  OK  [0m] Listening on UUID daemon activation socket.
[[0;32m  OK  [0m] Started Message of the Day.
[[0;32m  OK  [0m] Listening on ACPID Listen Socket.
         Starting LXD - unix socket.
[[0;32m  OK  [0m] Listening on Open-iSCSI iscsid Socket.
[[0;32m  OK  [0m] Started ACPI Events Check.
[[0;32m  OK  [0m] Reached target Paths.
[[0;32m  OK  [0m] Listening on D-Bus System Message Bus Socket.
[[0;32m  OK  [0m] Started Daily apt download activities.
[[0;32m  OK  [0m] Started Daily apt upgrade and clean activities.
[[0;32m  OK  [0m] Started Discard unused blocks once a week.
[[0;32m  OK  [0m] Reached target Timers.
         Starting Socket activation for snappy daemon.
[[0;32m  OK  [0m] Reached target Cloud-config availability.
[[0;32m  OK  [0m] Reached target Network is Online.
[[0;32m  OK  [0m] Reached target Remote File Systems (Pre).
[[0;32m  OK  [0m] Reached target Remote File Systems.
         Starting Availability of block devices...
[[0;32m  OK  [0m] Listening on LXD - unix socket.
[[0;32m  OK  [0m] Listening on Socket activation for snappy daemon.
[[0;32m  OK  [0m] Reached target Sockets.
[[0;32m  OK  [0m] Reached target Basic System.
         Starting Permit User Sessions...
         Starting LSB: automatic crash report generation...
         Starting Pollinate to seed the pseudo random number generator...
         Starting LXD - container startup/shutdown...
[[0;32m  OK  [0m] Started Deferred execution scheduler.
         Starting Login Service...
[[0;32m  OK  [0m] Started irqbalance daemon.
[[0;32m  OK  [0m] Started Regular background program processing daemon.
[[0;32m  OK  [0m] Started FUSE filesystem for LXC.
[[0;32m  OK  [0m] Started D-Bus System Message Bus.
[[0;32m  OK  [0m] Started Login Service.
[[0;32m  OK  [0m] Started Unattended Upgrades Shutdown.
         Starting LSB: Record successful boot for GRUB...
         Starting Virtualbox guest utils...
         Starting Accounts Service...
         Starting System Logging Service...
         Starting Snap Daemon...
         Starting Dispatcher daemon for systemd-networkd...
[[0;32m  OK  [0m] Started Availability of block devices.
[[0;32m  OK  [0m] Started Permit User Sessions.
[[0;32m  OK  [0m] Started System Logging Service.
         Starting Authorization Manager...
         Starting Terminate Plymouth Boot Screen...
         Starting Hold until boot process finishes up...
[[0;32m  OK  [0m] Started LXD - container startup/shutdown.
[[0;32m  OK  [0m] Started Hold until boot process finishes up.
         Starting Set console scheme...
[[0;32m  OK  [0m] Started Serial Getty on ttyS0.
[[0;32m  OK  [0m] Started Terminate Plymouth Boot Screen.
[[0;32m  OK  [0m] Started Authorization Manager.
[[0;32m  OK  [0m] Started Accounts Service.
[[0;32m  OK  [0m] Started LSB: automatic crash report generation.
[[0;32m  OK  [0m] Started LSB: Record successful boot for GRUB.
[[0;32m  OK  [0m] Started Set console scheme.
[[0;32m  OK  [0m] Created slice system-getty.slice.
[[0;32m  OK  [0m] Started Getty on tty1.
[[0;32m  OK  [0m] Reached target Login Prompts.
[[0;32m  OK  [0m] Started Virtualbox guest utils.
[[0;32m  OK  [0m] Started Dispatcher daemon for systemd-networkd.
[[0;32m  OK  [0m] Started Snap Daemon.
         Starting Wait until snapd is fully seeded...
[[0;32m  OK  [0m] Started Pollinate to seed the pseudo random number generator.
         Starting OpenBSD Secure Shell server...
[[0;32m  OK  [0m] Started OpenBSD Secure Shell server.
[[0;32m  OK  [0m] Created slice User Slice of vagrant.
         Starting User Manager for UID 1000...
[[0;32m  OK  [0m] Started Session 1 of user vagrant.
[[0;32m  OK  [0m] Started User Manager for UID 1000.
[[0;32m  OK  [0m] Started Wait until snapd is fully seeded.
[[0;32m  OK  [0m] Reached target Multi-User System.
[[0;32m  OK  [0m] Reached target Graphical Interface.
         Starting Update UTMP about System Runlevel Changes...
         Starting Apply the settings specified in cloud-config...
[[0;32m  OK  [0m] Started Update UTMP about System Runlevel Changes.
[  128.448308] cloud-init[1341]: Cloud-init v. 20.4.1-0ubuntu1~18.04.1 running 'modules:config' at Mon, 08 Mar 2021 17:41:49 +0000. Up 128.04 seconds.
[[0;32m  OK  [0m] Started Apply the settings specified in cloud-config.
         Starting Execute cloud user/final scripts...
ci-info: no authorized SSH keys fingerprints found for user ubuntu.
<14>Mar  8 17:41:49 ec2: 
<14>Mar  8 17:41:49 ec2: #############################################################
<14>Mar  8 17:41:49 ec2: -----BEGIN SSH HOST KEY FINGERPRINTS-----
<14>Mar  8 17:41:49 ec2: 1024 SHA256:9XHpz/cQ2fqkCK+tdSKwF0XqbDaWKWRthHYgkBHfuEQ root@ubuntu-bionic (DSA)
<14>Mar  8 17:41:49 ec2: 256 SHA256:naZUjSGeClltAHtMTnTcEDj6xiA1fOo4LT3Hw+es4do root@ubuntu-bionic (ECDSA)
<14>Mar  8 17:41:49 ec2: 256 SHA256:dXPDCoFpIsT3M9m3eQl+7rCf72Fb4lvPbrTHIEvKDFw root@ubuntu-bionic (ED25519)
<14>Mar  8 17:41:49 ec2: 2048 SHA256:/UAL/tWdZ5onwrLOwUFGWRipGfNSYA/O+Cw80mJHCXM root@ubuntu-bionic (RSA)
<14>Mar  8 17:41:49 ec2: -----END SSH HOST KEY FINGERPRINTS-----
<14>Mar  8 17:41:49 ec2: #############################################################
-----BEGIN SSH HOST KEY KEYS-----
ecdsa-sha2-nistp256 AAAAE2VjZHNhLXNoYTItbmlzdHAyNTYAAAAIbmlzdHAyNTYAAABBBFZa1GtexlEBefyWi1D0cTtRpIHAfiBRs3TOmS4i/Z6Eyweng3YLW8URI/d2ew3c0saf2y1MmRkHZYbDLMrfxo0= root@ubuntu-bionic
ssh-ed25519 AAAAC3NzaC1lZDI1NTE5AAAAIPmh+5bwcBWg8Sx3TQH57yTP1ipRTszMvU9fpPV3Oj0V root@ubuntu-bionic
ssh-rsa AAAAB3NzaC1yc2EAAAADAQABAAABAQDRgMvcr3CEcZJiTSNb8danhZxN9zrQrGm5JrReQJmfyHrvX+9q6thRxLx7scbZ0akzVVGB7B0iG2cIoV9D5AKtFMWNcFQQ7BfwEJCdFUqwsEi3Yi+YUafl6e7HNKj4jD9YxcgqMcMhekZ/PLgulOnt1VFZl+EGzTwTvj+wSMoLGbSdOwVpxJ1pVtPKlcno6+MGqMv88UYKwoXB0i0luC/X9fhZIJlXanDupsSb4c5ubYYqb6OS8lG5Qy8EKGb7yq6RH98TjevCESxsxknZ6it8nbTeToT/usr5ne2dX/KFWlC25xayZDDYVhEiU9jvklQXqnE9G/arp0CEH19Y9k8P root@ubuntu-bionic
-----END SSH HOST KEY KEYS-----
[  128.844172] cloud-init[1454]: Cloud-init v. 20.4.1-0ubuntu1~18.04.1 running 'modules:final' at Mon, 08 Mar 2021 17:41:49 +0000. Up 128.70 seconds.
[  128.849314] cloud-init[1454]: ci-info: no authorized SSH keys fingerprints found for user ubuntu.
[  128.859540] cloud-init[1454]: Cloud-init v. 20.4.1-0ubuntu1~18.04.1 finished at Mon, 08 Mar 2021 17:41:49 +0000. Datasource DataSourceNoCloud [seed=/dev/sdb][dsmode=net].  Up 128.83 seconds
[[0;32m  OK  [0m] Started Execute cloud user/final scripts.
[[0;32m  OK  [0m] Reached target Cloud-init target.

Ubuntu 18.04.5 LTS ubuntu-bionic ttyS0

ubuntu-bionic login: 